2014-12-18 13:46:35 6662 mysqld_safe Starting mysqld daemon with databases from /Applications/XAMPP/xamppfiles/var/mysql
2014-12-18 13:46:35 0 [Warning] Using unique option prefix key_buffer instead of key_buffer_size is deprecated and will be removed in a future release. Please use the full name instead.
2014-12-18 13:46:35 0 [Warning] TIMESTAMP with implicit DEFAULT value is deprecated. Please use --explicit_defaults_for_timestamp server option (see documentation for more details).
2014-12-18 13:46:35 7044 [Warning] Setting lower_case_table_names=2 because file system for /Applications/XAMPP/xamppfiles/var/mysql/ is case insensitive
2014-12-18 13:46:35 7044 [Note] Plugin 'FEDERATED' is disabled.
2014-12-18 13:46:35 7044 [Note] InnoDB: Using atomics to ref count buffer pool pages
2014-12-18 13:46:35 7044 [Note] InnoDB: The InnoDB memory heap is disabled
2014-12-18 13:46:35 7044 [Note] InnoDB: Mutexes and rw_locks use GCC atomic builtins
2014-12-18 13:46:35 7044 [Note] InnoDB: Memory barrier is not used
2014-12-18 13:46:35 7044 [Note] InnoDB: Compressed tables use zlib 1.2.8
2014-12-18 13:46:35 7044 [Note] InnoDB: Using CPU crc32 instructions
2014-12-18 13:46:35 7044 [Note] InnoDB: Initializing buffer pool, size = 16.0M
2014-12-18 13:46:35 7044 [Note] InnoDB: Completed initialization of buffer pool
2014-12-18 13:46:35 7044 [Note] InnoDB: Setting log file /Applications/XAMPP/xamppfiles/var/mysql/ib_logfile101 size to 5 MB
2014-12-18 13:46:35 7044 [Note] InnoDB: Setting log file /Applications/XAMPP/xamppfiles/var/mysql/ib_logfile1 size to 5 MB
2014-12-18 13:46:35 7044 [Note] InnoDB: Renaming log file /Applications/XAMPP/xamppfiles/var/mysql/ib_logfile101 to /Applications/XAMPP/xamppfiles/var/mysql/ib_logfile0
2014-12-18 13:46:35 7044 [Warning] InnoDB: New log files created, LSN=1624742
2014-12-18 13:46:35 7044 [Note] InnoDB: Highest supported file format is Barracuda.
2014-12-18 13:46:35 7044 [Note] InnoDB: 128 rollback segment(s) are active.
2014-12-18 13:46:35 7044 [Note] InnoDB: Waiting for purge to start
2014-12-18 13:46:35 7044 [Note] InnoDB: 5.6.21 started; log sequence number 1625100
2014-12-18 13:46:35 7044 [Warning] No existing UUID has been found, so we assume that this is the first time that this server has been started. Generating a new UUID: 3a87574c-8679-11e4-b512-01bdb13f2a14.
2014-12-18 13:46:35 7044 [Note] RSA private key file not found: /Applications/XAMPP/xamppfiles/var/mysql//private_key.pem. Some authentication plugins will not work.
2014-12-18 13:46:35 7044 [Note] RSA public key file not found: /Applications/XAMPP/xamppfiles/var/mysql//public_key.pem. Some authentication plugins will not work.
2014-12-18 13:46:36 7044 [Note] Event Scheduler: Loaded 0 events
2014-12-18 13:46:36 7044 [Note] /Applications/XAMPP/xamppfiles/sbin/mysqld: ready for connections.
Version: '5.6.21'  socket: '/Applications/XAMPP/xamppfiles/var/mysql/mysql.sock'  port: 0  Source distribution
2014-12-18 14:14:11 7044 [Note] /Applications/XAMPP/xamppfiles/sbin/mysqld: Normal shutdown

2014-12-18 14:14:11 7044 [Note] Giving 0 client threads a chance to die gracefully
2014-12-18 14:14:11 7044 [Note] Event Scheduler: Purging the queue. 0 events
2014-12-18 14:14:11 7044 [Note] Shutting down slave threads
2014-12-18 14:14:11 7044 [Note] Forcefully disconnecting 0 remaining clients
2014-12-18 14:14:11 7044 [Note] Binlog end
2014-12-18 14:14:11 7044 [Note] Shutting down plugin 'partition'
2014-12-18 14:14:11 7044 [Note] Shutting down plugin 'PERFORMANCE_SCHEMA'
2014-12-18 14:14:11 7044 [Note] Shutting down plugin 'INNODB_SYS_DATAFILES'
2014-12-18 14:14:11 7044 [Note] Shutting down plugin 'INNODB_SYS_TABLESPACES'
2014-12-18 14:14:11 7044 [Note] Shutting down plugin 'INNODB_SYS_FOREIGN_COLS'
2014-12-18 14:14:11 7044 [Note] Shutting down plugin 'INNODB_SYS_FOREIGN'
2014-12-18 14:14:11 7044 [Note] Shutting down plugin 'INNODB_SYS_FIELDS'
2014-12-18 14:14:11 7044 [Note] Shutting down plugin 'INNODB_SYS_COLUMNS'
2014-12-18 14:14:11 7044 [Note] Shutting down plugin 'INNODB_SYS_INDEXES'
2014-12-18 14:14:11 7044 [Note] Shutting down plugin 'INNODB_SYS_TABLESTATS'
2014-12-18 14:14:11 7044 [Note] Shutting down plugin 'INNODB_SYS_TABLES'
2014-12-18 14:14:11 7044 [Note] Shutting down plugin 'INNODB_FT_INDEX_TABLE'
2014-12-18 14:14:11 7044 [Note] Shutting down plugin 'INNODB_FT_INDEX_CACHE'
2014-12-18 14:14:11 7044 [Note] Shutting down plugin 'INNODB_FT_CONFIG'
2014-12-18 14:14:11 7044 [Note] Shutting down plugin 'INNODB_FT_BEING_DELETED'
2014-12-18 14:14:11 7044 [Note] Shutting down plugin 'INNODB_FT_DELETED'
2014-12-18 14:14:11 7044 [Note] Shutting down plugin 'INNODB_FT_DEFAULT_STOPWORD'
2014-12-18 14:14:11 7044 [Note] Shutting down plugin 'INNODB_METRICS'
2014-12-18 14:14:11 7044 [Note] Shutting down plugin 'INNODB_BUFFER_POOL_STATS'
2014-12-18 14:14:11 7044 [Note] Shutting down plugin 'INNODB_BUFFER_PAGE_LRU'
2014-12-18 14:14:11 7044 [Note] Shutting down plugin 'INNODB_BUFFER_PAGE'
2014-12-18 14:14:11 7044 [Note] Shutting down plugin 'INNODB_CMP_PER_INDEX_RESET'
2014-12-18 14:14:11 7044 [Note] Shutting down plugin 'INNODB_CMP_PER_INDEX'
2014-12-18 14:14:11 7044 [Note] Shutting down plugin 'INNODB_CMPMEM_RESET'
2014-12-18 14:14:11 7044 [Note] Shutting down plugin 'INNODB_CMPMEM'
2014-12-18 14:14:11 7044 [Note] Shutting down plugin 'INNODB_CMP_RESET'
2014-12-18 14:14:11 7044 [Note] Shutting down plugin 'INNODB_CMP'
2014-12-18 14:14:11 7044 [Note] Shutting down plugin 'INNODB_LOCK_WAITS'
2014-12-18 14:14:11 7044 [Note] Shutting down plugin 'INNODB_LOCKS'
2014-12-18 14:14:11 7044 [Note] Shutting down plugin 'INNODB_TRX'
2014-12-18 14:14:11 7044 [Note] Shutting down plugin 'InnoDB'
2014-12-18 14:14:11 7044 [Note] InnoDB: FTS optimize thread exiting.
2014-12-18 14:14:11 7044 [Note] InnoDB: Starting shutdown...
2014-12-18 14:14:12 7044 [Note] InnoDB: Shutdown completed; log sequence number 1625110
2014-12-18 14:14:12 7044 [Note] Shutting down plugin 'BLACKHOLE'
2014-12-18 14:14:12 7044 [Note] Shutting down plugin 'ARCHIVE'
2014-12-18 14:14:12 7044 [Note] Shutting down plugin 'MRG_MYISAM'
2014-12-18 14:14:12 7044 [Note] Shutting down plugin 'MyISAM'
2014-12-18 14:14:12 7044 [Note] Shutting down plugin 'MEMORY'
2014-12-18 14:14:12 7044 [Note] Shutting down plugin 'CSV'
2014-12-18 14:14:12 7044 [Note] Shutting down plugin 'sha256_password'
2014-12-18 14:14:12 7044 [Note] Shutting down plugin 'mysql_old_password'
2014-12-18 14:14:12 7044 [Note] Shutting down plugin 'mysql_native_password'
2014-12-18 14:14:12 7044 [Note] Shutting down plugin 'binlog'
2014-12-18 14:14:12 7044 [Note] /Applications/XAMPP/xamppfiles/sbin/mysqld: Shutdown complete

2014-12-18 14:14:12 6662 mysqld_safe mysqld from pid file /Applications/XAMPP/xamppfiles/var/mysql/bogon.pid ended
2014-12-18 14:33:12 9321 mysqld_safe Starting mysqld daemon with databases from /Applications/XAMPP/xamppfiles/var/mysql
2014-12-18 14:33:13 0 [Warning] Using unique option prefix key_buffer instead of key_buffer_size is deprecated and will be removed in a future release. Please use the full name instead.
2014-12-18 14:33:13 0 [Warning] TIMESTAMP with implicit DEFAULT value is deprecated. Please use --explicit_defaults_for_timestamp server option (see documentation for more details).
2014-12-18 14:33:13 9701 [Warning] Setting lower_case_table_names=2 because file system for /Applications/XAMPP/xamppfiles/var/mysql/ is case insensitive
2014-12-18 14:33:13 9701 [Note] Plugin 'FEDERATED' is disabled.
2014-12-18 14:33:13 9701 [Note] InnoDB: Using atomics to ref count buffer pool pages
2014-12-18 14:33:13 9701 [Note] InnoDB: The InnoDB memory heap is disabled
2014-12-18 14:33:13 9701 [Note] InnoDB: Mutexes and rw_locks use GCC atomic builtins
2014-12-18 14:33:13 9701 [Note] InnoDB: Memory barrier is not used
2014-12-18 14:33:13 9701 [Note] InnoDB: Compressed tables use zlib 1.2.8
2014-12-18 14:33:13 9701 [Note] InnoDB: Using CPU crc32 instructions
2014-12-18 14:33:13 9701 [Note] InnoDB: Initializing buffer pool, size = 16.0M
2014-12-18 14:33:13 9701 [Note] InnoDB: Completed initialization of buffer pool
2014-12-18 14:33:13 9701 [Note] InnoDB: Highest supported file format is Barracuda.
2014-12-18 14:33:13 9701 [Note] InnoDB: 128 rollback segment(s) are active.
2014-12-18 14:33:13 9701 [Note] InnoDB: Waiting for purge to start
2014-12-18 14:33:13 9701 [Note] InnoDB: 5.6.21 started; log sequence number 1625110
2014-12-18 14:33:13 9701 [Note] RSA private key file not found: /Applications/XAMPP/xamppfiles/var/mysql//private_key.pem. Some authentication plugins will not work.
2014-12-18 14:33:13 9701 [Note] RSA public key file not found: /Applications/XAMPP/xamppfiles/var/mysql//public_key.pem. Some authentication plugins will not work.
2014-12-18 14:33:13 9701 [Note] Event Scheduler: Loaded 0 events
2014-12-18 14:33:13 9701 [Note] /Applications/XAMPP/xamppfiles/sbin/mysqld: ready for connections.
Version: '5.6.21'  socket: '/Applications/XAMPP/xamppfiles/var/mysql/mysql.sock'  port: 0  Source distribution
2014-12-18 16:28:33 9701 [Note] /Applications/XAMPP/xamppfiles/sbin/mysqld: Normal shutdown

2014-12-18 16:28:33 9701 [Note] Giving 0 client threads a chance to die gracefully
2014-12-18 16:28:33 9701 [Note] Event Scheduler: Purging the queue. 0 events
2014-12-18 16:28:33 9701 [Note] Shutting down slave threads
2014-12-18 16:28:33 9701 [Note] Forcefully disconnecting 0 remaining clients
2014-12-18 16:28:33 9701 [Note] Binlog end
2014-12-18 16:28:33 9701 [Note] Shutting down plugin 'partition'
2014-12-18 16:28:33 9701 [Note] Shutting down plugin 'PERFORMANCE_SCHEMA'
2014-12-18 16:28:33 9701 [Note] Shutting down plugin 'INNODB_SYS_DATAFILES'
2014-12-18 16:28:33 9701 [Note] Shutting down plugin 'INNODB_SYS_TABLESPACES'
2014-12-18 16:28:33 9701 [Note] Shutting down plugin 'INNODB_SYS_FOREIGN_COLS'
2014-12-18 16:28:33 9701 [Note] Shutting down plugin 'INNODB_SYS_FOREIGN'
2014-12-18 16:28:33 9701 [Note] Shutting down plugin 'INNODB_SYS_FIELDS'
2014-12-18 16:28:33 9701 [Note] Shutting down plugin 'INNODB_SYS_COLUMNS'
2014-12-18 16:28:33 9701 [Note] Shutting down plugin 'INNODB_SYS_INDEXES'
2014-12-18 16:28:33 9701 [Note] Shutting down plugin 'INNODB_SYS_TABLESTATS'
2014-12-18 16:28:33 9701 [Note] Shutting down plugin 'INNODB_SYS_TABLES'
2014-12-18 16:28:33 9701 [Note] Shutting down plugin 'INNODB_FT_INDEX_TABLE'
2014-12-18 16:28:33 9701 [Note] Shutting down plugin 'INNODB_FT_INDEX_CACHE'
2014-12-18 16:28:33 9701 [Note] Shutting down plugin 'INNODB_FT_CONFIG'
2014-12-18 16:28:33 9701 [Note] Shutting down plugin 'INNODB_FT_BEING_DELETED'
2014-12-18 16:28:33 9701 [Note] Shutting down plugin 'INNODB_FT_DELETED'
2014-12-18 16:28:33 9701 [Note] Shutting down plugin 'INNODB_FT_DEFAULT_STOPWORD'
2014-12-18 16:28:33 9701 [Note] Shutting down plugin 'INNODB_METRICS'
2014-12-18 16:28:33 9701 [Note] Shutting down plugin 'INNODB_BUFFER_POOL_STATS'
2014-12-18 16:28:33 9701 [Note] Shutting down plugin 'INNODB_BUFFER_PAGE_LRU'
2014-12-18 16:28:33 9701 [Note] Shutting down plugin 'INNODB_BUFFER_PAGE'
2014-12-18 16:28:33 9701 [Note] Shutting down plugin 'INNODB_CMP_PER_INDEX_RESET'
2014-12-18 16:28:33 9701 [Note] Shutting down plugin 'INNODB_CMP_PER_INDEX'
2014-12-18 16:28:33 9701 [Note] Shutting down plugin 'INNODB_CMPMEM_RESET'
2014-12-18 16:28:33 9701 [Note] Shutting down plugin 'INNODB_CMPMEM'
2014-12-18 16:28:33 9701 [Note] Shutting down plugin 'INNODB_CMP_RESET'
2014-12-18 16:28:33 9701 [Note] Shutting down plugin 'INNODB_CMP'
2014-12-18 16:28:33 9701 [Note] Shutting down plugin 'INNODB_LOCK_WAITS'
2014-12-18 16:28:33 9701 [Note] Shutting down plugin 'INNODB_LOCKS'
2014-12-18 16:28:33 9701 [Note] Shutting down plugin 'INNODB_TRX'
2014-12-18 16:28:33 9701 [Note] Shutting down plugin 'InnoDB'
2014-12-18 16:28:33 9701 [Note] InnoDB: FTS optimize thread exiting.
2014-12-18 16:28:33 9701 [Note] InnoDB: Starting shutdown...
2014-12-18 16:28:34 9701 [Note] InnoDB: Shutdown completed; log sequence number 1625120
2014-12-18 16:28:34 9701 [Note] Shutting down plugin 'BLACKHOLE'
2014-12-18 16:28:34 9701 [Note] Shutting down plugin 'ARCHIVE'
2014-12-18 16:28:34 9701 [Note] Shutting down plugin 'MRG_MYISAM'
2014-12-18 16:28:34 9701 [Note] Shutting down plugin 'MyISAM'
2014-12-18 16:28:34 9701 [Note] Shutting down plugin 'MEMORY'
2014-12-18 16:28:34 9701 [Note] Shutting down plugin 'CSV'
2014-12-18 16:28:34 9701 [Note] Shutting down plugin 'sha256_password'
2014-12-18 16:28:34 9701 [Note] Shutting down plugin 'mysql_old_password'
2014-12-18 16:28:34 9701 [Note] Shutting down plugin 'mysql_native_password'
2014-12-18 16:28:34 9701 [Note] Shutting down plugin 'binlog'
2014-12-18 16:28:34 9701 [Note] /Applications/XAMPP/xamppfiles/sbin/mysqld: Shutdown complete

